Using pre-set license
Built from '2020.3/staging' branch; Version is '2020.3.11f1 (99c7afb366b3) revision 10078127'; Using compiler version '192528614'; Build Type 'Release'
OS: 'Windows 10 Pro; OS build 19043.1415; Version 2009; 64bit' Language: 'en' Physical Memory: 16328 MB
BatchMode: 1, IsHumanControllingUs: 0, StartBugReporterOnCrash: 0, Is64bit: 1, IsPro: 0

 COMMAND LINE ARGUMENTS:
C:\Program Files\Unity\Hub\Editor\2020.3.11f1\Editor\Unity.exe
-adb2
-batchMode
-noUpm
-name
AssetImportWorker0
-projectPath
N:/Work/Ironbelly CT
-logFile
Logs/AssetImportWorker0.log
-srvPort
50139
Successfully changed project path to: N:/Work/Ironbelly CT
N:/Work/Ironbelly CT
Using Asset Import Pipeline V2.
Refreshing native plugins compatible for Editor in 23.63 ms, found 2 plugins.
Preloading 0 native plugins for Editor in 0.00 ms.
Initialize engine version: 2020.3.11f1 (99c7afb366b3)
[Subsystems] Discovering subsystems at path C:/Program Files/Unity/Hub/Editor/2020.3.11f1/Editor/Data/Resources/UnitySubsystems
[Subsystems] Discovering subsystems at path N:/Work/Ironbelly CT/Assets
GfxDevice: creating device client; threaded=0
Direct3D:
    Version:  Direct3D 11.0 [level 11.1]
    Renderer: NVIDIA GeForce RTX 3060 (ID=0x2487)
    Vendor:   
    VRAM:     12138 MB
    Driver:   30.0.14.9729
Initialize mono
Mono path[0] = 'C:/Program Files/Unity/Hub/Editor/2020.3.11f1/Editor/Data/Managed'
Mono path[1] = 'C:/Program Files/Unity/Hub/Editor/2020.3.11f1/Editor/Data/MonoBleedingEdge/lib/mono/unityjit'
Mono config path = 'C:/Program Files/Unity/Hub/Editor/2020.3.11f1/Editor/Data/MonoBleedingEdge/etc'
Using monoOptions --debugger-agent=transport=dt_socket,embedding=1,server=y,suspend=n,address=127.0.0.1:56220
Begin MonoManager ReloadAssembly
Registering precompiled unity dll's ...
Register platform support module: C:/Program Files/Unity/Hub/Editor/2020.3.11f1/Editor/Data/PlaybackEngines/WindowsStandaloneSupport/UnityEditor.WindowsStandalone.Extensions.dll
Registered in 0.003810 seconds.
Native extension for WindowsStandalone target not found
Refreshing native plugins compatible for Editor in 19.03 ms, found 2 plugins.
Preloading 0 native plugins for Editor in 0.00 ms.
Mono: successfully reloaded assembly
- Completed reload, in  2.229 seconds
Platform modules already initialized, skipping
Registering precompiled user dll's ...
Registered in 0.001693 seconds.
Begin MonoManager ReloadAssembly
Native extension for WindowsStandalone target not found
Refreshing native plugins compatible for Editor in 0.32 ms, found 2 plugins.
Preloading 0 native plugins for Editor in 0.00 ms.
Mono: successfully reloaded assembly
- Completed reload, in  0.688 seconds
Platform modules already initialized, skipping
========================================================================
Worker process is ready to serve import requests
Launched and connected shader compiler UnityShaderCompiler.exe after 0.03 seconds
Refreshing native plugins compatible for Editor in 0.29 ms, found 2 plugins.
Preloading 0 native plugins for Editor in 0.00 ms.
Unloading 1403 Unused Serialized files (Serialized files now loaded: 0)
System memory in use before: 67.0 MB.
System memory in use after: 67.0 MB.

Unloading 19 unused Assets to reduce memory usage. Loaded Objects now: 1837.
Total: 1.766800 ms (FindLiveObjects: 0.116900 ms CreateObjectMapping: 0.031300 ms MarkObjects: 1.546900 ms  DeleteObjects: 0.071100 ms)

========================================================================
Received Import Request.
  path: Assets/Scripts/Utils/Vector3Extan.cs
  artifactKey: Guid(a6a960ec96e2f474baf8ec15ceafbb80) Importer(815301076,1909f56bfc062723c751e8b465ee728b)
Start importing Assets/Scripts/Utils/Vector3Extan.cs using Guid(a6a960ec96e2f474baf8ec15ceafbb80) Importer(815301076,1909f56bfc062723c751e8b465ee728b)  -> (artifact id: 'b60a874759f2a492e47e51cc2c6cd7d0') in 0.026017 seconds
  Import took 0.028191 seconds .

========================================================================
Received Prepare
Registering precompiled user dll's ...
Registered in 0.001529 seconds.
Begin MonoManager ReloadAssembly
Native extension for WindowsStandalone target not found
Refreshing native plugins compatible for Editor in 0.30 ms, found 2 plugins.
Preloading 0 native plugins for Editor in 0.00 ms.
Mono: successfully reloaded assembly
- Completed reload, in  0.681 seconds
Platform modules already initialized, skipping
Refreshing native plugins compatible for Editor in 0.21 ms, found 2 plugins.
Preloading 0 native plugins for Editor in 0.00 ms.
Unloading 1384 Unused Serialized files (Serialized files now loaded: 0)
System memory in use before: 65.6 MB.
System memory in use after: 65.7 MB.

Unloading 15 unused Assets to reduce memory usage. Loaded Objects now: 1839.
Total: 1.460700 ms (FindLiveObjects: 0.134400 ms CreateObjectMapping: 0.030500 ms MarkObjects: 1.260900 ms  DeleteObjects: 0.034100 ms)

========================================================================
Received Prepare
Registering precompiled user dll's ...
Registered in 0.001733 seconds.
Begin MonoManager ReloadAssembly
Native extension for WindowsStandalone target not found
Refreshing native plugins compatible for Editor in 0.30 ms, found 2 plugins.
Preloading 0 native plugins for Editor in 0.00 ms.
Mono: successfully reloaded assembly
- Completed reload, in  0.695 seconds
Platform modules already initialized, skipping
Refreshing native plugins compatible for Editor in 0.28 ms, found 2 plugins.
Preloading 0 native plugins for Editor in 0.00 ms.
Unloading 1384 Unused Serialized files (Serialized files now loaded: 0)
System memory in use before: 65.7 MB.
System memory in use after: 65.7 MB.

Unloading 14 unused Assets to reduce memory usage. Loaded Objects now: 1842.
Total: 1.565200 ms (FindLiveObjects: 0.130600 ms CreateObjectMapping: 0.031000 ms MarkObjects: 1.361900 ms  DeleteObjects: 0.040900 ms)

========================================================================
Received Prepare
Registering precompiled user dll's ...
Registered in 0.001723 seconds.
Begin MonoManager ReloadAssembly
Native extension for WindowsStandalone target not found
Refreshing native plugins compatible for Editor in 0.34 ms, found 2 plugins.
Preloading 0 native plugins for Editor in 0.00 ms.
Mono: successfully reloaded assembly
- Completed reload, in  0.718 seconds
Platform modules already initialized, skipping
Refreshing native plugins compatible for Editor in 0.50 ms, found 2 plugins.
Preloading 0 native plugins for Editor in 0.00 ms.
Unloading 1384 Unused Serialized files (Serialized files now loaded: 0)
System memory in use before: 65.7 MB.
System memory in use after: 65.8 MB.

Unloading 14 unused Assets to reduce memory usage. Loaded Objects now: 1845.
Total: 1.563300 ms (FindLiveObjects: 0.127100 ms CreateObjectMapping: 0.028800 ms MarkObjects: 1.367600 ms  DeleteObjects: 0.039200 ms)

========================================================================
Received Prepare
Registering precompiled user dll's ...
Registered in 0.001613 seconds.
Begin MonoManager ReloadAssembly
Native extension for WindowsStandalone target not found
Refreshing native plugins compatible for Editor in 0.33 ms, found 2 plugins.
Preloading 0 native plugins for Editor in 0.00 ms.
Mono: successfully reloaded assembly
- Completed reload, in  0.675 seconds
Platform modules already initialized, skipping
Refreshing native plugins compatible for Editor in 0.37 ms, found 2 plugins.
Preloading 0 native plugins for Editor in 0.00 ms.
Unloading 1384 Unused Serialized files (Serialized files now loaded: 0)
System memory in use before: 65.7 MB.
System memory in use after: 65.8 MB.

Unloading 14 unused Assets to reduce memory usage. Loaded Objects now: 1848.
Total: 1.557500 ms (FindLiveObjects: 0.119800 ms CreateObjectMapping: 0.026500 ms MarkObjects: 1.370500 ms  DeleteObjects: 0.040100 ms)

AssetImportWorkerClient::OnTransportError - code=2 error=End of file
